<?xml version="1.0" encoding="UTF-8"?>
<coverage generated="1782276848529" clover="3.2.0">
  <project timestamp="1782276848529" name="All files">
    <metrics statements="10" coveredstatements="10" conditionals="6" coveredconditionals="5" methods="5" coveredmethods="5" elements="21" coveredelements="20" complexity="0" loc="10" ncloc="10" packages="1" files="3" classes="3"/>
    <file name="debounce.js" path="/Users/733482/Documents/netcentric/projects/kbc/kbc-fe/public/unit-testing/src/debounce.js">
      <metrics statements="4" coveredstatements="4" conditionals="0" coveredconditionals="0" methods="3" coveredmethods="3"/>
      <line num="3" count="1" type="stmt"/>
      <line num="5" count="1" type="stmt"/>
      <line num="6" count="3" type="stmt"/>
      <line num="7" count="3" type="stmt"/>
    </file>
    <file name="money.js" path="/Users/733482/Documents/netcentric/projects/kbc/kbc-fe/public/unit-testing/src/money.js">
      <metrics statements="3" coveredstatements="3" conditionals="4" coveredconditionals="4" methods="1" coveredmethods="1"/>
      <line num="3" count="1" type="stmt"/>
      <line num="4" count="2" type="cond" truecount="4" falsecount="0"/>
      <line num="5" count="1" type="stmt"/>
    </file>
    <file name="users.js" path="/Users/733482/Documents/netcentric/projects/kbc/kbc-fe/public/unit-testing/src/users.js">
      <metrics statements="3" coveredstatements="3" conditionals="2" coveredconditionals="1" methods="1" coveredmethods="1"/>
      <line num="4" count="1" type="stmt"/>
      <line num="5" count="1" type="cond" truecount="1" falsecount="1"/>
      <line num="6" count="1" type="stmt"/>
    </file>
  </project>
</coverage>
